<?xml version="1.0" encoding="UTF-8"?>
<!-- Generated by org.testng.reporters.JUnitReportReporter -->
<testsuite skipped="1" hostname="MSI" name="com.contactUs.qa.TestCases.ContactUsPageTest" tests="6" failures="0" timestamp="2020-02-06T00:13:54 CST" time="79.823" errors="0">
  <testcase name="verifyMessageAlertTestData" time="13.405" classname="com.contactUs.qa.TestCases.ContactUsPageTest">
    <skipped/>
  </testcase> <!-- verifyMessageAlertTestData -->
  <testcase name="verifyWarningAlertEmailEmtpyFieldTest" time="14.464" classname="com.contactUs.qa.TestCases.ContactUsPageTest"/>
  <testcase name="verifyWarningAlertSubjectEmtpyFieldTest" time="16.397" classname="com.contactUs.qa.TestCases.ContactUsPageTest"/>
  <testcase name="verifyWarningAlertMessageEmtpyFieldTest" time="16.455" classname="com.contactUs.qa.TestCases.ContactUsPageTest"/>
  <testcase name="verifySuccessMessageAlertTest" time="18.082" classname="com.contactUs.qa.TestCases.ContactUsPageTest"/>
  <testcase name="verifyContactUsPageTitleTest" time="1.020" classname="com.contactUs.qa.TestCases.ContactUsPageTest"/>
</testsuite> <!-- com.contactUs.qa.TestCases.ContactUsPageTest -->
